<?xml version="1.0" encoding="UTF-8"?>
<!-- Generated by org.testng.reporters.JUnitReportReporter -->
<testsuite hostname="KIHYDL2243" failures="0" tests="2" name="com.authentications.BasicAuthentication" time="12.997" errors="0" timestamp="2022-03-27T20:40:11 IST" skipped="0">
  <testcase classname="com.authentications.BasicAuthentication" name="f2" time="12.988"/>
  <system-out/>
  <testcase classname="com.authentications.BasicAuthentication" name="f1" time="0.009"/>
  <system-out/>
</testsuite> <!-- com.authentications.BasicAuthentication -->
