<?xml version="1.0" encoding="UTF-8"?>
<!-- Generated by org.testng.reporters.JUnitReportReporter -->
<testsuite hostname="KIHYDL2243" failures="0" tests="1" name="com.get.GetResponseBody_GET_Validation" time="4.014" errors="0" timestamp="2022-03-26T21:57:36 IST" skipped="0">
  <testcase classname="com.get.GetResponseBody_GET_Validation" name="f" time="4.014"/>
  <system-out/>
</testsuite> <!-- com.get.GetResponseBody_GET_Validation -->
