<?xml version="1.0" encoding="UTF-8"?>
<!-- Generated by org.testng.reporters.JUnitReportReporter -->
<testsuite hostname="KIHYDL2243" failures="0" tests="2" name="com.post.Petstore_post" time="4.069" errors="0" timestamp="2022-03-29T20:57:15 IST" skipped="1">
  <testcase classname="com.post.Petstore_post" name="f1" time="4.069"/>
  <system-out/>
  <testcase classname="com.post.Petstore_post" name="f">
    <skipped/>
  </testcase> <!-- f -->
  <system-out/>
</testsuite> <!-- com.post.Petstore_post -->
