<?xml version="1.0" encoding="UTF-8"?>
<!-- Generated by org.testng.reporters.JUnitReportReporter -->
<testsuite hostname="KIHYDL2243" failures="0" tests="2" name="com.get.Rest_GET_specificuser" time="15.980" errors="0" timestamp="2022-03-27T22:05:58 IST" skipped="0">
  <testcase classname="com.get.Rest_GET_specificuser" name="f" time="3.509"/>
  <system-out/>
  <testcase classname="com.get.Rest_GET_specificuser" name="f6" time="12.471"/>
  <system-out/>
</testsuite> <!-- com.get.Rest_GET_specificuser -->
