<?xml version="1.0" encoding="UTF-8"?>
<!-- Generated by org.testng.reporters.JUnitReportReporter -->
<testsuite hostname="KIHYDL2243" failures="0" tests="1" name="com.requests.ValidateResponseStatus" time="9.579" errors="0" timestamp="2022-03-27T18:31:51 IST" skipped="0">
  <testcase classname="com.requests.ValidateResponseStatus" name="f" time="9.579"/>
  <system-out/>
</testsuite> <!-- com.requests.ValidateResponseStatus -->
