<?xml version="1.0" encoding="UTF-8"?>
<!-- Generated by org.testng.reporters.JUnitReportReporter -->
<testsuite hostname="KIHYDL2243" failures="0" tests="2" name="com.post.Stripe_post" time="12.963" errors="0" timestamp="2022-03-27T20:58:13 IST" skipped="0">
  <testcase classname="com.post.Stripe_post" name="f2" time="12.955"/>
  <system-out/>
  <testcase classname="com.post.Stripe_post" name="f1" time="0.008"/>
  <system-out/>
</testsuite> <!-- com.post.Stripe_post -->
