<?xml version="1.0" encoding="UTF-8"?>
<!-- Generated by org.testng.reporters.JUnitReportReporter -->
<testsuite hostname="KIHYDL2243" failures="0" tests="6" name="com.get.GET_Test" time="16.722" errors="0" timestamp="2022-03-27T20:04:01 IST" skipped="0">
  <testcase classname="com.get.GET_Test" name="f3" time="1.373"/>
  <system-out/>
  <testcase classname="com.get.GET_Test" name="f4" time="0.789"/>
  <system-out/>
  <testcase classname="com.get.GET_Test" name="f" time="0.009"/>
  <system-out/>
  <testcase classname="com.get.GET_Test" name="f6" time="0.680"/>
  <system-out/>
  <testcase classname="com.get.GET_Test" name="f2" time="2.036"/>
  <system-out/>
  <testcase classname="com.get.GET_Test" name="f5" time="11.835"/>
  <system-out/>
</testsuite> <!-- com.get.GET_Test -->
