<?xml version="1.0" encoding="UTF-8"?>
<!-- Generated by org.testng.reporters.JUnitReportReporter -->
<testsuite hostname="KIHYDL2243" failures="0" tests="1" name="com.pogoutility.CreateBooking" time="16.202" errors="0" timestamp="2022-03-29T22:47:53 IST" skipped="0">
  <testcase classname="com.pogoutility.CreateBooking" name="createBookingWithPogo" time="16.202"/>
  <system-out/>
</testsuite> <!-- com.pogoutility.CreateBooking -->
