<?xml version="1.0" encoding="UTF-8"?>
<!-- Generated by org.testng.reporters.JUnitReportReporter -->
<testsuite hostname="KIHYDL2243" failures="0" tests="1" name="com.post.Rest_PostRequest2" time="3.137" errors="0" timestamp="2022-03-26T22:24:00 IST" skipped="0">
  <testcase classname="com.post.Rest_PostRequest2" name="f" time="3.137"/>
  <system-out/>
</testsuite> <!-- com.post.Rest_PostRequest2 -->
