<?xml version="1.0" encoding="UTF-8"?>
<!-- Generated by org.testng.reporters.JUnitReportReporter -->
<testsuite hostname="KIHYDL2243" failures="0" tests="1" name="com.get.Rest_GET_allusers" time="5.188" errors="0" timestamp="2022-03-26T21:59:03 IST" skipped="0">
  <testcase classname="com.get.Rest_GET_allusers" name="f" time="5.188"/>
  <system-out/>
</testsuite> <!-- com.get.Rest_GET_allusers -->
