<?xml version="1.0" encoding="UTF-8"?>
<!-- Generated by org.testng.reporters.JUnitReportReporter -->
<testsuite hostname="KIHYDL2243" failures="0" tests="4" name="com.post.Stripe_post" time="3.004" errors="0" timestamp="2022-03-29T20:49:55 IST" skipped="3">
  <testcase classname="com.post.Stripe_post" name="f5" time="3.004"/>
  <system-out/>
  <testcase classname="com.post.Stripe_post" name="f4">
    <skipped/>
  </testcase> <!-- f4 -->
  <system-out/>
  <testcase classname="com.post.Stripe_post" name="f2">
    <skipped/>
  </testcase> <!-- f2 -->
  <system-out/>
  <testcase classname="com.post.Stripe_post" name="f1">
    <skipped/>
  </testcase> <!-- f1 -->
  <system-out/>
</testsuite> <!-- com.post.Stripe_post -->
