<?xml version="1.0" encoding="UTF-8"?>
<!-- Generated by org.testng.reporters.JUnitReportReporter -->
<testsuite hostname="KIHYDL2243" failures="0" tests="5" name="com.post.Rest_PostRequest" time="2.970" errors="0" timestamp="2022-03-29T20:36:02 IST" skipped="4">
  <testcase classname="com.post.Rest_PostRequest" name="f4" time="2.970"/>
  <system-out/>
  <testcase classname="com.post.Rest_PostRequest" name="f1">
    <skipped/>
  </testcase> <!-- f1 -->
  <system-out/>
  <testcase classname="com.post.Rest_PostRequest" name="f2">
    <skipped/>
  </testcase> <!-- f2 -->
  <system-out/>
  <testcase classname="com.post.Rest_PostRequest" name="f3">
    <skipped/>
  </testcase> <!-- f3 -->
  <system-out/>
  <testcase classname="com.post.Rest_PostRequest" name="f">
    <skipped/>
  </testcase> <!-- f -->
  <system-out/>
</testsuite> <!-- com.post.Rest_PostRequest -->
