<?xml version="1.0" encoding="UTF-8"?>
<!-- Generated by org.testng.reporters.JUnitReportReporter -->
<testsuite hostname="KIHYDL2243" failures="0" tests="1" name="com.post.Petstore_post" time="14.668" errors="0" timestamp="2022-03-27T22:00:25 IST" skipped="0">
  <testcase classname="com.post.Petstore_post" name="f" time="14.668"/>
  <system-out/>
</testsuite> <!-- com.post.Petstore_post -->
